<?xml version="1.0" encoding="UTF-8"?>
<testng-results skipped="0" failed="0" ignored="0" total="1" passed="1">
  <reporter-output>
  </reporter-output>
  <suite name="Default suite" duration-ms="25704" started-at="2018-08-04T06:58:11Z" finished-at="2018-08-04T06:58:37Z">
    <groups>
    </groups>
    <test name="Default test" duration-ms="25704" started-at="2018-08-04T06:58:11Z" finished-at="2018-08-04T06:58:37Z">
      <class name="TestOne">
        <test-method status="PASS" signature="beforeClass()[pri:0, instance:TestOne@1aeed2f]" name="beforeClass" is-config="true" duration-ms="19680" started-at="2018-08-04T06:58:11Z" finished-at="2018-08-04T06:58:31Z">
          <reporter-output>
          </reporter-output>
        </test-method> <!-- beforeClass -->
        <test-method status="PASS" signature="beforeMethod()[pri:0, instance:TestOne@1aeed2f]" name="beforeMethod" is-config="true" duration-ms="1000" started-at="2018-08-04T06:58:31Z" finished-at="2018-08-04T06:58:32Z">
          <reporter-output>
          </reporter-output>
        </test-method> <!-- beforeMethod -->
        <test-method status="PASS" signature="f()[pri:0, instance:TestOne@1aeed2f]" name="f" duration-ms="3966" started-at="2018-08-04T06:58:32Z" finished-at="2018-08-04T06:58:36Z">
          <reporter-output>
          </reporter-output>
        </test-method> <!-- f -->
        <test-method status="PASS" signature="afterMethod()[pri:0, instance:TestOne@1aeed2f]" name="afterMethod" is-config="true" duration-ms="1000" started-at="2018-08-04T06:58:36Z" finished-at="2018-08-04T06:58:37Z">
          <reporter-output>
          </reporter-output>
        </test-method> <!-- afterMethod -->
      </class> <!-- TestOne -->
    </test> <!-- Default test -->
  </suite> <!-- Default suite -->
</testng-results>
