<?xml version="1.0" encoding="UTF-8"?>
<testng-results skipped="0" failed="0" ignored="0" total="1" passed="1">
  <reporter-output>
  </reporter-output>
  <suite name="Default suite" duration-ms="39127" started-at="2018-07-31T02:30:48Z" finished-at="2018-07-31T02:31:27Z">
    <groups>
    </groups>
    <test name="Default test" duration-ms="39127" started-at="2018-07-31T02:30:48Z" finished-at="2018-07-31T02:31:27Z">
      <class name="TestOne">
        <test-method status="PASS" signature="beforeClass()[pri:0, instance:TestOne@1aeed2f]" name="beforeClass" is-config="true" duration-ms="30440" started-at="2018-07-31T02:30:48Z" finished-at="2018-07-31T02:31:18Z">
          <reporter-output>
          </reporter-output>
        </test-method> <!-- beforeClass -->
        <test-method status="PASS" signature="beforeMethod()[pri:0, instance:TestOne@1aeed2f]" name="beforeMethod" is-config="true" duration-ms="1001" started-at="2018-07-31T02:31:18Z" finished-at="2018-07-31T02:31:19Z">
          <reporter-output>
          </reporter-output>
        </test-method> <!-- beforeMethod -->
        <test-method status="PASS" signature="f()[pri:0, instance:TestOne@1aeed2f]" name="f" duration-ms="6550" started-at="2018-07-31T02:31:19Z" finished-at="2018-07-31T02:31:26Z">
          <reporter-output>
          </reporter-output>
        </test-method> <!-- f -->
        <test-method status="PASS" signature="afterMethod()[pri:0, instance:TestOne@1aeed2f]" name="afterMethod" is-config="true" duration-ms="1001" started-at="2018-07-31T02:31:26Z" finished-at="2018-07-31T02:31:27Z">
          <reporter-output>
          </reporter-output>
        </test-method> <!-- afterMethod -->
      </class> <!-- TestOne -->
    </test> <!-- Default test -->
  </suite> <!-- Default suite -->
</testng-results>
